<?xml version="1.0" encoding="UTF-8"?>
<testsuite name="com.kazurayam.freemarker.CompressToSingleLineDirectiveTest" tests="1" skipped="0" failures="0" errors="0" timestamp="2022-04-04T14:01:17" hostname="KAZUAKInoMacBook-Air-2.local" time="0.1">
  <properties/>
  <testcase name="test_execute()" classname="com.kazurayam.freemarker.CompressToSingleLineDirectiveTest" time="0.1"/>
  <system-out><![CDATA[---------------------
<span class="code"><span class="nochange">   {&quot;cat&quot;:</span><span class="nochange">&quot;Nikolai, Marcus and Ume&quot;</span><span class="nochange">},</span><span class="nochange">   &quot;greeting&quot;:</span><span class="nochange">&quot;Hello, world!&quot;</span><span class="nochange">}</span></span>
---------------------
]]></system-out>
  <system-err><![CDATA[]]></system-err>
</testsuite>
