<?xml version="1.0" encoding="UTF-8"?>
<testsuite name="com.kazurayam.freemarker.CompressToSingleLineDirectiveTest" tests="1" skipped="0" failures="0" errors="0" timestamp="2022-04-05T01:21:19" hostname="KAZUAKInoMacBook-Air-2.local" time="0.121">
  <properties/>
  <testcase name="test_execute()" classname="com.kazurayam.freemarker.CompressToSingleLineDirectiveTest" time="0.121"/>
  <system-out><![CDATA[---------------------
<span class="code"><span class="nochange">    {&quot;cat&quot;:  &quot;Nikolai, Marcus and Ume&quot;,</span><span class="nochange">     &quot;greeting&quot;:  &quot;Hello, world!&quot;}</span></span>
---------------------
]]></system-out>
  <system-err><![CDATA[]]></system-err>
</testsuite>
